[2021-11-10 15:50:43,556] {taskinstance.py:1035} INFO - Dependencies all met for <TaskInstance: example_bash_operator.run_after_loop scheduled__2021-11-09T00:00:00+00:00 [queued]>
[2021-11-10 15:50:43,561] {taskinstance.py:1035} INFO - Dependencies all met for <TaskInstance: example_bash_operator.run_after_loop scheduled__2021-11-09T00:00:00+00:00 [queued]>
[2021-11-10 15:50:43,561] {taskinstance.py:1241} INFO - 
--------------------------------------------------------------------------------
[2021-11-10 15:50:43,561] {taskinstance.py:1242} INFO - Starting attempt 1 of 1
[2021-11-10 15:50:43,561] {taskinstance.py:1243} INFO - 
--------------------------------------------------------------------------------
[2021-11-10 15:50:43,569] {taskinstance.py:1262} INFO - Executing <Task(BashOperator): run_after_loop> on 2021-11-09 00:00:00+00:00
[2021-11-10 15:50:43,571] {standard_task_runner.py:52} INFO - Started process 250024 to run task
[2021-11-10 15:50:43,572] {standard_task_runner.py:76} INFO - Running: ['***', 'tasks', 'run', 'example_bash_operator', 'run_after_loop', 'scheduled__2021-11-09T00:00:00+00:00', '--job-id', '21', '--raw', '--subdir', '/home/dnieto/.pyenv/versions/3.8.11/envs/***/lib/python3.8/site-packages/***/example_dags/example_bash_operator.py', '--cfg-path', '/tmp/tmp59rx5stm', '--error-file', '/tmp/tmpptzxs7z4']
[2021-11-10 15:50:43,572] {standard_task_runner.py:77} INFO - Job 21: Subtask run_after_loop
[2021-11-10 15:50:43,594] {logging_mixin.py:109} INFO - Running <TaskInstance: example_bash_operator.run_after_loop scheduled__2021-11-09T00:00:00+00:00 [running]> on host workstation
[2021-11-10 15:50:43,624] {taskinstance.py:1427} INFO - Exporting the following env vars:
AIRFLOW_CTX_DAG_OWNER=***
AIRFLOW_CTX_DAG_ID=example_bash_operator
AIRFLOW_CTX_TASK_ID=run_after_loop
AIRFLOW_CTX_EXECUTION_DATE=2021-11-09T00:00:00+00:00
AIRFLOW_CTX_DAG_RUN_ID=scheduled__2021-11-09T00:00:00+00:00
[2021-11-10 15:50:43,625] {subprocess.py:62} INFO - Tmp dir root location: 
 /tmp
[2021-11-10 15:50:43,625] {subprocess.py:74} INFO - Running command: ['bash', '-c', 'echo 1']
[2021-11-10 15:50:43,628] {subprocess.py:85} INFO - Output:
[2021-11-10 15:50:43,628] {subprocess.py:89} INFO - 1
[2021-11-10 15:50:43,628] {subprocess.py:93} INFO - Command exited with return code 0
[2021-11-10 15:50:43,643] {taskinstance.py:1270} INFO - Marking task as SUCCESS. dag_id=example_bash_operator, task_id=run_after_loop, execution_date=20211109T000000, start_date=20211110T145043, end_date=20211110T145043
[2021-11-10 15:50:43,664] {local_task_job.py:154} INFO - Task exited with return code 0
[2021-11-10 15:50:43,681] {local_task_job.py:264} INFO - 0 downstream tasks scheduled from follow-on schedule check
