[2021-11-10 15:50:35,027] {taskinstance.py:1035} INFO - Dependencies all met for <TaskInstance: example_bash_operator.runme_1 manual__2021-11-10T14:50:25.031474+00:00 [queued]>
[2021-11-10 15:50:35,038] {taskinstance.py:1035} INFO - Dependencies all met for <TaskInstance: example_bash_operator.runme_1 manual__2021-11-10T14:50:25.031474+00:00 [queued]>
[2021-11-10 15:50:35,038] {taskinstance.py:1241} INFO - 
--------------------------------------------------------------------------------
[2021-11-10 15:50:35,038] {taskinstance.py:1242} INFO - Starting attempt 1 of 1
[2021-11-10 15:50:35,038] {taskinstance.py:1243} INFO - 
--------------------------------------------------------------------------------
[2021-11-10 15:50:35,044] {taskinstance.py:1262} INFO - Executing <Task(BashOperator): runme_1> on 2021-11-10 14:50:25.031474+00:00
[2021-11-10 15:50:35,046] {standard_task_runner.py:52} INFO - Started process 248874 to run task
[2021-11-10 15:50:35,047] {standard_task_runner.py:76} INFO - Running: ['***', 'tasks', 'run', 'example_bash_operator', 'runme_1', 'manual__2021-11-10T14:50:25.031474+00:00', '--job-id', '15', '--raw', '--subdir', '/home/dnieto/.pyenv/versions/3.8.11/envs/***/lib/python3.8/site-packages/***/example_dags/example_bash_operator.py', '--cfg-path', '/tmp/tmpcudwxind', '--error-file', '/tmp/tmp_i9fgdjr']
[2021-11-10 15:50:35,048] {standard_task_runner.py:77} INFO - Job 15: Subtask runme_1
[2021-11-10 15:50:35,075] {logging_mixin.py:109} INFO - Running <TaskInstance: example_bash_operator.runme_1 manual__2021-11-10T14:50:25.031474+00:00 [running]> on host workstation
[2021-11-10 15:50:35,110] {taskinstance.py:1427} INFO - Exporting the following env vars:
AIRFLOW_CTX_DAG_OWNER=***
AIRFLOW_CTX_DAG_ID=example_bash_operator
AIRFLOW_CTX_TASK_ID=runme_1
AIRFLOW_CTX_EXECUTION_DATE=2021-11-10T14:50:25.031474+00:00
AIRFLOW_CTX_DAG_RUN_ID=manual__2021-11-10T14:50:25.031474+00:00
[2021-11-10 15:50:35,110] {subprocess.py:62} INFO - Tmp dir root location: 
 /tmp
[2021-11-10 15:50:35,110] {subprocess.py:74} INFO - Running command: ['bash', '-c', 'echo "example_bash_operator__runme_1__20211110" && sleep 1']
[2021-11-10 15:50:35,114] {subprocess.py:85} INFO - Output:
[2021-11-10 15:50:35,114] {subprocess.py:89} INFO - example_bash_operator__runme_1__20211110
[2021-11-10 15:50:36,114] {subprocess.py:93} INFO - Command exited with return code 0
[2021-11-10 15:50:36,129] {taskinstance.py:1270} INFO - Marking task as SUCCESS. dag_id=example_bash_operator, task_id=runme_1, execution_date=20211110T145025, start_date=20211110T145035, end_date=20211110T145036
[2021-11-10 15:50:36,141] {local_task_job.py:154} INFO - Task exited with return code 0
[2021-11-10 15:50:36,161] {local_task_job.py:264} INFO - 0 downstream tasks scheduled from follow-on schedule check
