[2021-11-10 15:50:30,855] {taskinstance.py:1035} INFO - Dependencies all met for <TaskInstance: example_bash_operator.runme_2 scheduled__2021-11-09T00:00:00+00:00 [queued]>
[2021-11-10 15:50:30,863] {taskinstance.py:1035} INFO - Dependencies all met for <TaskInstance: example_bash_operator.runme_2 scheduled__2021-11-09T00:00:00+00:00 [queued]>
[2021-11-10 15:50:30,863] {taskinstance.py:1241} INFO - 
--------------------------------------------------------------------------------
[2021-11-10 15:50:30,863] {taskinstance.py:1242} INFO - Starting attempt 1 of 1
[2021-11-10 15:50:30,863] {taskinstance.py:1243} INFO - 
--------------------------------------------------------------------------------
[2021-11-10 15:50:30,868] {taskinstance.py:1262} INFO - Executing <Task(BashOperator): runme_2> on 2021-11-09 00:00:00+00:00
[2021-11-10 15:50:30,869] {standard_task_runner.py:52} INFO - Started process 248281 to run task
[2021-11-10 15:50:30,870] {standard_task_runner.py:76} INFO - Running: ['***', 'tasks', 'run', 'example_bash_operator', 'runme_2', 'scheduled__2021-11-09T00:00:00+00:00', '--job-id', '13', '--raw', '--subdir', '/home/dnieto/.pyenv/versions/3.8.11/envs/***/lib/python3.8/site-packages/***/example_dags/example_bash_operator.py', '--cfg-path', '/tmp/tmpzxt9hdip', '--error-file', '/tmp/tmp4kk3smau']
[2021-11-10 15:50:30,871] {standard_task_runner.py:77} INFO - Job 13: Subtask runme_2
[2021-11-10 15:50:30,893] {logging_mixin.py:109} INFO - Running <TaskInstance: example_bash_operator.runme_2 scheduled__2021-11-09T00:00:00+00:00 [running]> on host workstation
[2021-11-10 15:50:30,922] {taskinstance.py:1427} INFO - Exporting the following env vars:
AIRFLOW_CTX_DAG_OWNER=***
AIRFLOW_CTX_DAG_ID=example_bash_operator
AIRFLOW_CTX_TASK_ID=runme_2
AIRFLOW_CTX_EXECUTION_DATE=2021-11-09T00:00:00+00:00
AIRFLOW_CTX_DAG_RUN_ID=scheduled__2021-11-09T00:00:00+00:00
[2021-11-10 15:50:30,922] {subprocess.py:62} INFO - Tmp dir root location: 
 /tmp
[2021-11-10 15:50:30,922] {subprocess.py:74} INFO - Running command: ['bash', '-c', 'echo "example_bash_operator__runme_2__20211109" && sleep 1']
[2021-11-10 15:50:30,926] {subprocess.py:85} INFO - Output:
[2021-11-10 15:50:30,926] {subprocess.py:89} INFO - example_bash_operator__runme_2__20211109
[2021-11-10 15:50:31,927] {subprocess.py:93} INFO - Command exited with return code 0
[2021-11-10 15:50:31,942] {taskinstance.py:1270} INFO - Marking task as SUCCESS. dag_id=example_bash_operator, task_id=runme_2, execution_date=20211109T000000, start_date=20211110T145030, end_date=20211110T145031
[2021-11-10 15:50:31,964] {local_task_job.py:154} INFO - Task exited with return code 0
[2021-11-10 15:50:31,983] {local_task_job.py:264} INFO - 1 downstream tasks scheduled from follow-on schedule check
