[2021-11-10 15:50:42,454] {taskinstance.py:1035} INFO - Dependencies all met for <TaskInstance: example_bash_operator.this_will_skip manual__2021-11-10T14:50:25.031474+00:00 [queued]>
[2021-11-10 15:50:42,463] {taskinstance.py:1035} INFO - Dependencies all met for <TaskInstance: example_bash_operator.this_will_skip manual__2021-11-10T14:50:25.031474+00:00 [queued]>
[2021-11-10 15:50:42,463] {taskinstance.py:1241} INFO - 
--------------------------------------------------------------------------------
[2021-11-10 15:50:42,463] {taskinstance.py:1242} INFO - Starting attempt 1 of 1
[2021-11-10 15:50:42,463] {taskinstance.py:1243} INFO - 
--------------------------------------------------------------------------------
[2021-11-10 15:50:42,468] {taskinstance.py:1262} INFO - Executing <Task(BashOperator): this_will_skip> on 2021-11-10 14:50:25.031474+00:00
[2021-11-10 15:50:42,469] {standard_task_runner.py:52} INFO - Started process 249888 to run task
[2021-11-10 15:50:42,471] {standard_task_runner.py:76} INFO - Running: ['***', 'tasks', 'run', 'example_bash_operator', 'this_will_skip', 'manual__2021-11-10T14:50:25.031474+00:00', '--job-id', '20', '--raw', '--subdir', '/home/dnieto/.pyenv/versions/3.8.11/envs/***/lib/python3.8/site-packages/***/example_dags/example_bash_operator.py', '--cfg-path', '/tmp/tmpszkxg1te', '--error-file', '/tmp/tmp0etxpaj1']
[2021-11-10 15:50:42,471] {standard_task_runner.py:77} INFO - Job 20: Subtask this_will_skip
[2021-11-10 15:50:42,491] {logging_mixin.py:109} INFO - Running <TaskInstance: example_bash_operator.this_will_skip manual__2021-11-10T14:50:25.031474+00:00 [running]> on host workstation
[2021-11-10 15:50:42,520] {taskinstance.py:1427} INFO - Exporting the following env vars:
AIRFLOW_CTX_DAG_OWNER=***
AIRFLOW_CTX_DAG_ID=example_bash_operator
AIRFLOW_CTX_TASK_ID=this_will_skip
AIRFLOW_CTX_EXECUTION_DATE=2021-11-10T14:50:25.031474+00:00
AIRFLOW_CTX_DAG_RUN_ID=manual__2021-11-10T14:50:25.031474+00:00
[2021-11-10 15:50:42,521] {subprocess.py:62} INFO - Tmp dir root location: 
 /tmp
[2021-11-10 15:50:42,521] {subprocess.py:74} INFO - Running command: ['bash', '-c', 'echo "hello world"; exit 99;']
[2021-11-10 15:50:42,524] {subprocess.py:85} INFO - Output:
[2021-11-10 15:50:42,524] {subprocess.py:89} INFO - hello world
[2021-11-10 15:50:42,524] {subprocess.py:93} INFO - Command exited with return code 99
[2021-11-10 15:50:42,525] {taskinstance.py:1359} INFO - Bash command returned exit code 99. Skipping.
[2021-11-10 15:50:42,532] {taskinstance.py:1270} INFO - Marking task as SKIPPED. dag_id=example_bash_operator, task_id=this_will_skip, execution_date=20211110T145025, start_date=20211110T145042, end_date=20211110T145042
[2021-11-10 15:50:42,562] {local_task_job.py:154} INFO - Task exited with return code 0
[2021-11-10 15:50:42,584] {local_task_job.py:264} INFO - 0 downstream tasks scheduled from follow-on schedule check
