[2021-11-10 15:50:40,296] {taskinstance.py:1035} INFO - Dependencies all met for <TaskInstance: example_bash_operator.also_run_this scheduled__2021-11-09T00:00:00+00:00 [queued]>
[2021-11-10 15:50:40,306] {taskinstance.py:1035} INFO - Dependencies all met for <TaskInstance: example_bash_operator.also_run_this scheduled__2021-11-09T00:00:00+00:00 [queued]>
[2021-11-10 15:50:40,306] {taskinstance.py:1241} INFO - 
--------------------------------------------------------------------------------
[2021-11-10 15:50:40,306] {taskinstance.py:1242} INFO - Starting attempt 1 of 1
[2021-11-10 15:50:40,306] {taskinstance.py:1243} INFO - 
--------------------------------------------------------------------------------
[2021-11-10 15:50:40,311] {taskinstance.py:1262} INFO - Executing <Task(BashOperator): also_run_this> on 2021-11-09 00:00:00+00:00
[2021-11-10 15:50:40,312] {standard_task_runner.py:52} INFO - Started process 249604 to run task
[2021-11-10 15:50:40,313] {standard_task_runner.py:76} INFO - Running: ['***', 'tasks', 'run', 'example_bash_operator', 'also_run_this', 'scheduled__2021-11-09T00:00:00+00:00', '--job-id', '18', '--raw', '--subdir', '/home/dnieto/.pyenv/versions/3.8.11/envs/***/lib/python3.8/site-packages/***/example_dags/example_bash_operator.py', '--cfg-path', '/tmp/tmpzy0_wgde', '--error-file', '/tmp/tmpinfmx1cy']
[2021-11-10 15:50:40,314] {standard_task_runner.py:77} INFO - Job 18: Subtask also_run_this
[2021-11-10 15:50:40,335] {logging_mixin.py:109} INFO - Running <TaskInstance: example_bash_operator.also_run_this scheduled__2021-11-09T00:00:00+00:00 [running]> on host workstation
[2021-11-10 15:50:40,363] {taskinstance.py:1427} INFO - Exporting the following env vars:
AIRFLOW_CTX_DAG_OWNER=***
AIRFLOW_CTX_DAG_ID=example_bash_operator
AIRFLOW_CTX_TASK_ID=also_run_this
AIRFLOW_CTX_EXECUTION_DATE=2021-11-09T00:00:00+00:00
AIRFLOW_CTX_DAG_RUN_ID=scheduled__2021-11-09T00:00:00+00:00
[2021-11-10 15:50:40,363] {subprocess.py:62} INFO - Tmp dir root location: 
 /tmp
[2021-11-10 15:50:40,363] {subprocess.py:74} INFO - Running command: ['bash', '-c', 'echo "run_id=scheduled__2021-11-09T00:00:00+00:00 | dag_run=<DagRun example_bash_operator @ 2021-11-09 00:00:00+00:00: scheduled__2021-11-09T00:00:00+00:00, externally triggered: False>"']
[2021-11-10 15:50:40,367] {subprocess.py:85} INFO - Output:
[2021-11-10 15:50:40,367] {subprocess.py:89} INFO - run_id=scheduled__2021-11-09T00:00:00+00:00 | dag_run=<DagRun example_bash_operator @ 2021-11-09 00:00:00+00:00: scheduled__2021-11-09T00:00:00+00:00, externally triggered: False>
[2021-11-10 15:50:40,367] {subprocess.py:93} INFO - Command exited with return code 0
[2021-11-10 15:50:40,382] {taskinstance.py:1270} INFO - Marking task as SUCCESS. dag_id=example_bash_operator, task_id=also_run_this, execution_date=20211109T000000, start_date=20211110T145040, end_date=20211110T145040
[2021-11-10 15:50:40,405] {local_task_job.py:154} INFO - Task exited with return code 0
[2021-11-10 15:50:40,422] {local_task_job.py:264} INFO - 0 downstream tasks scheduled from follow-on schedule check
