[2021-11-10 15:50:28,786] {taskinstance.py:1035} INFO - Dependencies all met for <TaskInstance: example_bash_operator.runme_1 scheduled__2021-11-09T00:00:00+00:00 [queued]>
[2021-11-10 15:50:28,796] {taskinstance.py:1035} INFO - Dependencies all met for <TaskInstance: example_bash_operator.runme_1 scheduled__2021-11-09T00:00:00+00:00 [queued]>
[2021-11-10 15:50:28,796] {taskinstance.py:1241} INFO - 
--------------------------------------------------------------------------------
[2021-11-10 15:50:28,796] {taskinstance.py:1242} INFO - Starting attempt 1 of 1
[2021-11-10 15:50:28,796] {taskinstance.py:1243} INFO - 
--------------------------------------------------------------------------------
[2021-11-10 15:50:28,801] {taskinstance.py:1262} INFO - Executing <Task(BashOperator): runme_1> on 2021-11-09 00:00:00+00:00
[2021-11-10 15:50:28,803] {standard_task_runner.py:52} INFO - Started process 247989 to run task
[2021-11-10 15:50:28,804] {standard_task_runner.py:76} INFO - Running: ['***', 'tasks', 'run', 'example_bash_operator', 'runme_1', 'scheduled__2021-11-09T00:00:00+00:00', '--job-id', '12', '--raw', '--subdir', '/home/dnieto/.pyenv/versions/3.8.11/envs/***/lib/python3.8/site-packages/***/example_dags/example_bash_operator.py', '--cfg-path', '/tmp/tmp333s0n_2', '--error-file', '/tmp/tmp2vc000vm']
[2021-11-10 15:50:28,804] {standard_task_runner.py:77} INFO - Job 12: Subtask runme_1
[2021-11-10 15:50:28,824] {logging_mixin.py:109} INFO - Running <TaskInstance: example_bash_operator.runme_1 scheduled__2021-11-09T00:00:00+00:00 [running]> on host workstation
[2021-11-10 15:50:28,852] {taskinstance.py:1427} INFO - Exporting the following env vars:
AIRFLOW_CTX_DAG_OWNER=***
AIRFLOW_CTX_DAG_ID=example_bash_operator
AIRFLOW_CTX_TASK_ID=runme_1
AIRFLOW_CTX_EXECUTION_DATE=2021-11-09T00:00:00+00:00
AIRFLOW_CTX_DAG_RUN_ID=scheduled__2021-11-09T00:00:00+00:00
[2021-11-10 15:50:28,852] {subprocess.py:62} INFO - Tmp dir root location: 
 /tmp
[2021-11-10 15:50:28,853] {subprocess.py:74} INFO - Running command: ['bash', '-c', 'echo "example_bash_operator__runme_1__20211109" && sleep 1']
[2021-11-10 15:50:28,856] {subprocess.py:85} INFO - Output:
[2021-11-10 15:50:28,856] {subprocess.py:89} INFO - example_bash_operator__runme_1__20211109
[2021-11-10 15:50:29,856] {subprocess.py:93} INFO - Command exited with return code 0
[2021-11-10 15:50:29,871] {taskinstance.py:1270} INFO - Marking task as SUCCESS. dag_id=example_bash_operator, task_id=runme_1, execution_date=20211109T000000, start_date=20211110T145028, end_date=20211110T145029
[2021-11-10 15:50:29,897] {local_task_job.py:154} INFO - Task exited with return code 0
[2021-11-10 15:50:29,917] {local_task_job.py:264} INFO - 0 downstream tasks scheduled from follow-on schedule check
